/*C407*/SET SCHEMA PUBLIC
INSERT INTO USERS VALUES(5,'OLA','KASE')
COMMIT
/*C408*/SET SCHEMA PUBLIC
DELETE FROM BACKUP WHERE ITERATION=0
DELETE FROM BACKUP WHERE ITERATION=1
DELETE FROM BACKUP WHERE ITERATION=2
DELETE FROM BACKUP WHERE ITERATION=3
DELETE FROM BACKUP WHERE ITERATION=4
DELETE FROM BACKUP WHERE ITERATION=5
DELETE FROM BACKUP WHERE ITERATION=6
DELETE FROM BACKUP WHERE ITERATION=7
DELETE FROM BACKUP WHERE ITERATION=8
DELETE FROM BACKUP WHERE ITERATION=9
DELETE FROM BACKUP WHERE ITERATION=10
DELETE FROM BACKUP WHERE ITERATION=11
DELETE FROM BACKUP WHERE ITERATION=12
DELETE FROM BACKUP WHERE ITERATION=13
DELETE FROM BACKUP WHERE ITERATION=14
DELETE FROM BACKUP WHERE ITERATION=15
DELETE FROM BACKUP WHERE ITERATION=16
DELETE FROM BACKUP WHERE ITERATION=17
DELETE FROM BACKUP WHERE ITERATION=18
DELETE FROM BACKUP WHERE ITERATION=19
DELETE FROM BACKUP WHERE ITERATION=20
DELETE FROM BACKUP WHERE ITERATION=21
DELETE FROM BACKUP WHERE ITERATION=22
DELETE FROM BACKUP WHERE ITERATION=23
DELETE FROM BACKUP WHERE ITERATION=24
DELETE FROM BACKUP WHERE ITERATION=25
DELETE FROM BACKUP WHERE ITERATION=26
DELETE FROM BACKUP WHERE ITERATION=27
DELETE FROM BACKUP WHERE ITERATION=28
DELETE FROM BACKUP WHERE ITERATION=29
DELETE FROM BACKUP WHERE ITERATION=30
DELETE FROM BACKUP WHERE ITERATION=31
DELETE FROM BACKUP WHERE ITERATION=32
DELETE FROM BACKUP WHERE ITERATION=33
DELETE FROM BACKUP WHERE ITERATION=34
DELETE FROM BACKUP WHERE ITERATION=35
DELETE FROM BACKUP WHERE ITERATION=36
DELETE FROM BACKUP WHERE ITERATION=37
DELETE FROM BACKUP WHERE ITERATION=38
DELETE FROM BACKUP WHERE ITERATION=39
DELETE FROM BACKUP WHERE ITERATION=40
DELETE FROM BACKUP WHERE ITERATION=41
DELETE FROM BACKUP WHERE ITERATION=42
DELETE FROM BACKUP WHERE ITERATION=43
DELETE FROM BACKUP WHERE ITERATION=44
DELETE FROM BACKUP WHERE ITERATION=45
DELETE FROM BACKUP WHERE ITERATION=46
DELETE FROM BACKUP WHERE ITERATION=47
DELETE FROM BACKUP WHERE ITERATION=48
DELETE FROM BACKUP WHERE ITERATION=49
DELETE FROM BACKUP WHERE ITERATION=50
DELETE FROM BACKUP WHERE ITERATION=51
DELETE FROM BACKUP WHERE ITERATION=52
DELETE FROM BACKUP WHERE ITERATION=53
DELETE FROM BACKUP WHERE ITERATION=54
DELETE FROM BACKUP WHERE ITERATION=55
DELETE FROM BACKUP WHERE ITERATION=56
DELETE FROM BACKUP WHERE ITERATION=57
DELETE FROM BACKUP WHERE ITERATION=58
DELETE FROM BACKUP WHERE ITERATION=59
DELETE FROM BACKUP WHERE ITERATION=60
DELETE FROM BACKUP WHERE ITERATION=61
DELETE FROM BACKUP WHERE ITERATION=62
DELETE FROM BACKUP WHERE ITERATION=63
DELETE FROM BACKUP WHERE ITERATION=64
DELETE FROM BACKUP WHERE ITERATION=65
DELETE FROM BACKUP WHERE ITERATION=66
DELETE FROM BACKUP WHERE ITERATION=67
DELETE FROM BACKUP WHERE ITERATION=68
DELETE FROM BACKUP WHERE ITERATION=69
DELETE FROM BACKUP WHERE ITERATION=70
DELETE FROM BACKUP WHERE ITERATION=71
DELETE FROM BACKUP WHERE ITERATION=72
DELETE FROM BACKUP WHERE ITERATION=73
DELETE FROM BACKUP WHERE ITERATION=74
DELETE FROM BACKUP WHERE ITERATION=75
DELETE FROM BACKUP WHERE ITERATION=76
DELETE FROM BACKUP WHERE ITERATION=77
DELETE FROM BACKUP WHERE ITERATION=78
DELETE FROM BACKUP WHERE ITERATION=79
DELETE FROM BACKUP WHERE ITERATION=80
DELETE FROM BACKUP WHERE ITERATION=81
DELETE FROM BACKUP WHERE ITERATION=82
DELETE FROM BACKUP WHERE ITERATION=83
DELETE FROM BACKUP WHERE ITERATION=84
DELETE FROM BACKUP WHERE ITERATION=85
DELETE FROM BACKUP WHERE ITERATION=86
DELETE FROM BACKUP WHERE ITERATION=87
DELETE FROM BACKUP WHERE ITERATION=88
DELETE FROM BACKUP WHERE ITERATION=89
DELETE FROM BACKUP WHERE ITERATION=90
DELETE FROM BACKUP WHERE ITERATION=91
DELETE FROM BACKUP WHERE ITERATION=92
DELETE FROM BACKUP WHERE ITERATION=93
DELETE FROM BACKUP WHERE ITERATION=94
DELETE FROM BACKUP WHERE ITERATION=95
DELETE FROM BACKUP WHERE ITERATION=96
DELETE FROM BACKUP WHERE ITERATION=97
DELETE FROM BACKUP WHERE ITERATION=98
DELETE FROM BACKUP WHERE ITERATION=99
DELETE FROM BACKUP WHERE ITERATION=100
DELETE FROM BACKUP WHERE ITERATION=101
DELETE FROM BACKUP WHERE ITERATION=102
DELETE FROM BACKUP WHERE ITERATION=103
DELETE FROM BACKUP WHERE ITERATION=104
DELETE FROM BACKUP WHERE ITERATION=105
DELETE FROM BACKUP WHERE ITERATION=106
DELETE FROM BACKUP WHERE ITERATION=107
DELETE FROM BACKUP WHERE ITERATION=108
DELETE FROM BACKUP WHERE ITERATION=109
DELETE FROM BACKUP WHERE ITERATION=110
DELETE FROM BACKUP WHERE ITERATION=111
DELETE FROM BACKUP WHERE ITERATION=112
DELETE FROM BACKUP WHERE ITERATION=113
DELETE FROM BACKUP WHERE ITERATION=114
DELETE FROM BACKUP WHERE ITERATION=115
DELETE FROM BACKUP WHERE ITERATION=116
DELETE FROM BACKUP WHERE ITERATION=117
DELETE FROM BACKUP WHERE ITERATION=118
DELETE FROM BACKUP WHERE ITERATION=119
DELETE FROM BACKUP WHERE ITERATION=120
DELETE FROM BACKUP WHERE ITERATION=121
DELETE FROM BACKUP WHERE ITERATION=122
DELETE FROM BACKUP WHERE ITERATION=123
DELETE FROM BACKUP WHERE ITERATION=124
DELETE FROM BACKUP WHERE ITERATION=125
DELETE FROM BACKUP WHERE ITERATION=126
DELETE FROM BACKUP WHERE ITERATION=127
DELETE FROM BACKUP WHERE ITERATION=128
DELETE FROM BACKUP WHERE ITERATION=129
DELETE FROM BACKUP WHERE ITERATION=130
DELETE FROM BACKUP WHERE ITERATION=131
DELETE FROM BACKUP WHERE ITERATION=132
DELETE FROM BACKUP WHERE ITERATION=133
DELETE FROM BACKUP WHERE ITERATION=134
DELETE FROM BACKUP WHERE ITERATION=135
DELETE FROM BACKUP WHERE ITERATION=136
DELETE FROM BACKUP WHERE ITERATION=137
DELETE FROM BACKUP WHERE ITERATION=138
DELETE FROM BACKUP WHERE ITERATION=139
DELETE FROM BACKUP WHERE ITERATION=140
DELETE FROM BACKUP WHERE ITERATION=141
DELETE FROM BACKUP WHERE ITERATION=142
DELETE FROM BACKUP WHERE ITERATION=143
DELETE FROM BACKUP WHERE ITERATION=144
DELETE FROM BACKUP WHERE ITERATION=145
DELETE FROM BACKUP WHERE ITERATION=146
DELETE FROM BACKUP WHERE ITERATION=147
DELETE FROM BACKUP WHERE ITERATION=148
DELETE FROM BACKUP WHERE ITERATION=149
DELETE FROM BACKUP WHERE ITERATION=150
DELETE FROM BACKUP WHERE ITERATION=151
DELETE FROM BACKUP WHERE ITERATION=152
DELETE FROM BACKUP WHERE ITERATION=153
DELETE FROM BACKUP WHERE ITERATION=154
DELETE FROM BACKUP WHERE ITERATION=155
DELETE FROM BACKUP WHERE ITERATION=156
DELETE FROM BACKUP WHERE ITERATION=157
DELETE FROM BACKUP WHERE ITERATION=158
DELETE FROM BACKUP WHERE ITERATION=159
DELETE FROM BACKUP WHERE ITERATION=160
DELETE FROM BACKUP WHERE ITERATION=161
DELETE FROM BACKUP WHERE ITERATION=162
DELETE FROM BACKUP WHERE ITERATION=163
DELETE FROM BACKUP WHERE ITERATION=164
DELETE FROM BACKUP WHERE ITERATION=165
DELETE FROM BACKUP WHERE ITERATION=166
DELETE FROM BACKUP WHERE ITERATION=167
DELETE FROM BACKUP WHERE ITERATION=168
DELETE FROM BACKUP WHERE ITERATION=169
DELETE FROM BACKUP WHERE ITERATION=170
DELETE FROM BACKUP WHERE ITERATION=171
DELETE FROM BACKUP WHERE ITERATION=172
DELETE FROM BACKUP WHERE ITERATION=173
DELETE FROM BACKUP WHERE ITERATION=174
DELETE FROM BACKUP WHERE ITERATION=175
DELETE FROM BACKUP WHERE ITERATION=176
DELETE FROM BACKUP WHERE ITERATION=177
DELETE FROM BACKUP WHERE ITERATION=178
DELETE FROM BACKUP WHERE ITERATION=179
DELETE FROM BACKUP WHERE ITERATION=180
DELETE FROM BACKUP WHERE ITERATION=181
DELETE FROM BACKUP WHERE ITERATION=182
DELETE FROM BACKUP WHERE ITERATION=183
DELETE FROM BACKUP WHERE ITERATION=184
DELETE FROM BACKUP WHERE ITERATION=185
DELETE FROM BACKUP WHERE ITERATION=186
DELETE FROM BACKUP WHERE ITERATION=187
DELETE FROM BACKUP WHERE ITERATION=188
DELETE FROM BACKUP WHERE ITERATION=189
DELETE FROM BACKUP WHERE ITERATION=190
DELETE FROM BACKUP WHERE ITERATION=191
DELETE FROM BACKUP WHERE ITERATION=192
DELETE FROM BACKUP WHERE ITERATION=193
DELETE FROM BACKUP WHERE ITERATION=194
DELETE FROM BACKUP WHERE ITERATION=195
DELETE FROM BACKUP WHERE ITERATION=196
DELETE FROM BACKUP WHERE ITERATION=197
DELETE FROM BACKUP WHERE ITERATION=198
DELETE FROM BACKUP WHERE ITERATION=199
DELETE FROM BACKUP WHERE ITERATION=200
DELETE FROM BACKUP WHERE ITERATION=201
DELETE FROM BACKUP WHERE ITERATION=202
DELETE FROM BACKUP WHERE ITERATION=203
DELETE FROM BACKUP WHERE ITERATION=204
DELETE FROM BACKUP WHERE ITERATION=205
DELETE FROM BACKUP WHERE ITERATION=206
DELETE FROM BACKUP WHERE ITERATION=207
DELETE FROM BACKUP WHERE ITERATION=208
DELETE FROM BACKUP WHERE ITERATION=209
DELETE FROM BACKUP WHERE ITERATION=210
DELETE FROM BACKUP WHERE ITERATION=211
DELETE FROM BACKUP WHERE ITERATION=212
DELETE FROM BACKUP WHERE ITERATION=213
DELETE FROM BACKUP WHERE ITERATION=214
DELETE FROM BACKUP WHERE ITERATION=215
DELETE FROM BACKUP WHERE ITERATION=216
DELETE FROM BACKUP WHERE ITERATION=217
DELETE FROM BACKUP WHERE ITERATION=218
DELETE FROM BACKUP WHERE ITERATION=219
DELETE FROM BACKUP WHERE ITERATION=220
DELETE FROM BACKUP WHERE ITERATION=221
DELETE FROM BACKUP WHERE ITERATION=222
DELETE FROM BACKUP WHERE ITERATION=223
DELETE FROM BACKUP WHERE ITERATION=224
DELETE FROM BACKUP WHERE ITERATION=225
DELETE FROM BACKUP WHERE ITERATION=226
DELETE FROM BACKUP WHERE ITERATION=227
DELETE FROM BACKUP WHERE ITERATION=228
DELETE FROM BACKUP WHERE ITERATION=229
DELETE FROM BACKUP WHERE ITERATION=230
DELETE FROM BACKUP WHERE ITERATION=231
DELETE FROM BACKUP WHERE ITERATION=232
DELETE FROM BACKUP WHERE ITERATION=233
DELETE FROM BACKUP WHERE ITERATION=234
DELETE FROM BACKUP WHERE ITERATION=235
DELETE FROM BACKUP WHERE ITERATION=236
DELETE FROM BACKUP WHERE ITERATION=237
DELETE FROM BACKUP WHERE ITERATION=238
DELETE FROM BACKUP WHERE ITERATION=239
DELETE FROM BACKUP WHERE ITERATION=240
DELETE FROM BACKUP WHERE ITERATION=241
DELETE FROM BACKUP WHERE ITERATION=242
DELETE FROM BACKUP WHERE ITERATION=243
DELETE FROM BACKUP WHERE ITERATION=244
DELETE FROM BACKUP WHERE ITERATION=245
DELETE FROM BACKUP WHERE ITERATION=246
DELETE FROM BACKUP WHERE ITERATION=247
DELETE FROM BACKUP WHERE ITERATION=248
DELETE FROM BACKUP WHERE ITERATION=249
DELETE FROM BACKUP WHERE ITERATION=250
DELETE FROM BACKUP WHERE ITERATION=251
DELETE FROM BACKUP WHERE ITERATION=252
DELETE FROM BACKUP WHERE ITERATION=253
DELETE FROM BACKUP WHERE ITERATION=254
DELETE FROM BACKUP WHERE ITERATION=255
DELETE FROM BACKUP WHERE ITERATION=256
DELETE FROM BACKUP WHERE ITERATION=257
DELETE FROM BACKUP WHERE ITERATION=258
DELETE FROM BACKUP WHERE ITERATION=259
DELETE FROM BACKUP WHERE ITERATION=260
DELETE FROM BACKUP WHERE ITERATION=261
DELETE FROM BACKUP WHERE ITERATION=262
DELETE FROM BACKUP WHERE ITERATION=263
DELETE FROM BACKUP WHERE ITERATION=264
DELETE FROM BACKUP WHERE ITERATION=265
DELETE FROM BACKUP WHERE ITERATION=266
DELETE FROM BACKUP WHERE ITERATION=267
DELETE FROM BACKUP WHERE ITERATION=268
DELETE FROM BACKUP WHERE ITERATION=269
DELETE FROM BACKUP WHERE ITERATION=270
DELETE FROM BACKUP WHERE ITERATION=271
DELETE FROM BACKUP WHERE ITERATION=272
DELETE FROM BACKUP WHERE ITERATION=273
DELETE FROM BACKUP WHERE ITERATION=274
DELETE FROM BACKUP WHERE ITERATION=275
DELETE FROM BACKUP WHERE ITERATION=276
DELETE FROM BACKUP WHERE ITERATION=277
DELETE FROM BACKUP WHERE ITERATION=278
DELETE FROM BACKUP WHERE ITERATION=279
DELETE FROM BACKUP WHERE ITERATION=280
DELETE FROM BACKUP WHERE ITERATION=281
DELETE FROM BACKUP WHERE ITERATION=282
DELETE FROM BACKUP WHERE ITERATION=283
DELETE FROM BACKUP WHERE ITERATION=284
DELETE FROM BACKUP WHERE ITERATION=285
DELETE FROM BACKUP WHERE ITERATION=286
DELETE FROM BACKUP WHERE ITERATION=287
DELETE FROM BACKUP WHERE ITERATION=288
DELETE FROM BACKUP WHERE ITERATION=289
DELETE FROM BACKUP WHERE ITERATION=290
DELETE FROM BACKUP WHERE ITERATION=291
DELETE FROM BACKUP WHERE ITERATION=292
DELETE FROM BACKUP WHERE ITERATION=293
DELETE FROM BACKUP WHERE ITERATION=294
DELETE FROM BACKUP WHERE ITERATION=295
DELETE FROM BACKUP WHERE ITERATION=296
DELETE FROM BACKUP WHERE ITERATION=297
DELETE FROM BACKUP WHERE ITERATION=298
DELETE FROM BACKUP WHERE ITERATION=299
DELETE FROM BACKUP WHERE ITERATION=300
DELETE FROM BACKUP WHERE ITERATION=301
DELETE FROM BACKUP WHERE ITERATION=302
DELETE FROM BACKUP WHERE ITERATION=303
DELETE FROM BACKUP WHERE ITERATION=304
DELETE FROM BACKUP WHERE ITERATION=305
DELETE FROM BACKUP WHERE ITERATION=306
DELETE FROM BACKUP WHERE ITERATION=307
DELETE FROM BACKUP WHERE ITERATION=308
DELETE FROM BACKUP WHERE ITERATION=309
DELETE FROM BACKUP WHERE ITERATION=310
DELETE FROM BACKUP WHERE ITERATION=311
DELETE FROM BACKUP WHERE ITERATION=312
DELETE FROM BACKUP WHERE ITERATION=313
DELETE FROM BACKUP WHERE ITERATION=314
DELETE FROM BACKUP WHERE ITERATION=315
DELETE FROM BACKUP WHERE ITERATION=316
DELETE FROM BACKUP WHERE ITERATION=317
DELETE FROM BACKUP WHERE ITERATION=318
DELETE FROM BACKUP WHERE ITERATION=319
DELETE FROM BACKUP WHERE ITERATION=320
DELETE FROM BACKUP WHERE ITERATION=321
DELETE FROM BACKUP WHERE ITERATION=322
DELETE FROM BACKUP WHERE ITERATION=323
DELETE FROM BACKUP WHERE ITERATION=324
DELETE FROM BACKUP WHERE ITERATION=325
DELETE FROM BACKUP WHERE ITERATION=326
DELETE FROM BACKUP WHERE ITERATION=327
DELETE FROM BACKUP WHERE ITERATION=328
DELETE FROM BACKUP WHERE ITERATION=329
DELETE FROM BACKUP WHERE ITERATION=330
DELETE FROM BACKUP WHERE ITERATION=331
DELETE FROM BACKUP WHERE ITERATION=332
DELETE FROM BACKUP WHERE ITERATION=333
DELETE FROM BACKUP WHERE ITERATION=334
DELETE FROM BACKUP WHERE ITERATION=335
DELETE FROM BACKUP WHERE ITERATION=336
DELETE FROM BACKUP WHERE ITERATION=337
DELETE FROM BACKUP WHERE ITERATION=338
DELETE FROM BACKUP WHERE ITERATION=339
DELETE FROM BACKUP WHERE ITERATION=340
DELETE FROM BACKUP WHERE ITERATION=341
DELETE FROM BACKUP WHERE ITERATION=342
DELETE FROM BACKUP WHERE ITERATION=343
DELETE FROM BACKUP WHERE ITERATION=344
DELETE FROM BACKUP WHERE ITERATION=345
DELETE FROM BACKUP WHERE ITERATION=346
DELETE FROM BACKUP WHERE ITERATION=347
DELETE FROM BACKUP WHERE ITERATION=348
DELETE FROM BACKUP WHERE ITERATION=349
DELETE FROM BACKUP WHERE ITERATION=350
DELETE FROM BACKUP WHERE ITERATION=351
DELETE FROM BACKUP WHERE ITERATION=352
DELETE FROM BACKUP WHERE ITERATION=353
DELETE FROM BACKUP WHERE ITERATION=354
DELETE FROM BACKUP WHERE ITERATION=355
DELETE FROM BACKUP WHERE ITERATION=356
DELETE FROM BACKUP WHERE ITERATION=357
DELETE FROM BACKUP WHERE ITERATION=358
DELETE FROM BACKUP WHERE ITERATION=359
DELETE FROM BACKUP WHERE ITERATION=360
DELETE FROM BACKUP WHERE ITERATION=361
DELETE FROM BACKUP WHERE ITERATION=362
DELETE FROM BACKUP WHERE ITERATION=363
DELETE FROM BACKUP WHERE ITERATION=364
DELETE FROM BACKUP WHERE ITERATION=365
DELETE FROM BACKUP WHERE ITERATION=366
DELETE FROM BACKUP WHERE ITERATION=367
DELETE FROM BACKUP WHERE ITERATION=368
DELETE FROM BACKUP WHERE ITERATION=369
DELETE FROM BACKUP WHERE ITERATION=370
DELETE FROM BACKUP WHERE ITERATION=371
DELETE FROM BACKUP WHERE ITERATION=372
DELETE FROM BACKUP WHERE ITERATION=373
DELETE FROM BACKUP WHERE ITERATION=374
DELETE FROM BACKUP WHERE ITERATION=375
DELETE FROM BACKUP WHERE ITERATION=376
DELETE FROM BACKUP WHERE ITERATION=377
DELETE FROM BACKUP WHERE ITERATION=378
DELETE FROM BACKUP WHERE ITERATION=379
DELETE FROM BACKUP WHERE ITERATION=380
DELETE FROM BACKUP WHERE ITERATION=381
DELETE FROM BACKUP WHERE ITERATION=382
DELETE FROM BACKUP WHERE ITERATION=383
DELETE FROM BACKUP WHERE ITERATION=384
DELETE FROM BACKUP WHERE ITERATION=385
DELETE FROM BACKUP WHERE ITERATION=386
DELETE FROM BACKUP WHERE ITERATION=387
DELETE FROM BACKUP WHERE ITERATION=388
DELETE FROM BACKUP WHERE ITERATION=389
DELETE FROM BACKUP WHERE ITERATION=390
DELETE FROM BACKUP WHERE ITERATION=391
DELETE FROM BACKUP WHERE ITERATION=392
DELETE FROM BACKUP WHERE ITERATION=393
DELETE FROM BACKUP WHERE ITERATION=394
DELETE FROM BACKUP WHERE ITERATION=395
DELETE FROM BACKUP WHERE ITERATION=396
DELETE FROM BACKUP WHERE ITERATION=397
DELETE FROM BACKUP WHERE ITERATION=398
DELETE FROM BACKUP WHERE ITERATION=399
COMMIT
DISCONNECT
/*C409*/SET SCHEMA PUBLIC
DISCONNECT
/*C410*/SET SCHEMA PUBLIC
DISCONNECT
/*C411*/SET SCHEMA PUBLIC
DISCONNECT
/*C413*/SET SCHEMA PUBLIC
DISCONNECT
/*C412*/SET SCHEMA PUBLIC
DISCONNECT
/*C414*/SET SCHEMA PUBLIC
DISCONNECT
/*C415*/SET SCHEMA PUBLIC
DISCONNECT
/*C416*/SET SCHEMA PUBLIC
DISCONNECT
/*C417*/SET SCHEMA PUBLIC
DISCONNECT
/*C419*/SET SCHEMA PUBLIC
DISCONNECT
/*C418*/SET SCHEMA PUBLIC
DISCONNECT
/*C421*/SET SCHEMA PUBLIC
DISCONNECT
/*C420*/SET SCHEMA PUBLIC
DISCONNECT
/*C422*/SET SCHEMA PUBLIC
DISCONNECT
/*C423*/SET SCHEMA PUBLIC
DISCONNECT
/*C424*/SET SCHEMA PUBLIC
DISCONNECT
/*C426*/SET SCHEMA PUBLIC
DISCONNECT
/*C427*/SET SCHEMA PUBLIC
DISCONNECT
/*C425*/SET SCHEMA PUBLIC
DISCONNECT
/*C407*/DELETE FROM USERS WHERE USERID=5 AND USERNAME='OLA' AND PASSWORD='KASE'
COMMIT
/*C429*/SET SCHEMA PUBLIC
DISCONNECT
/*C430*/SET SCHEMA PUBLIC
DISCONNECT
/*C431*/SET SCHEMA PUBLIC
DISCONNECT
/*C432*/SET SCHEMA PUBLIC
DISCONNECT
/*C428*/SET SCHEMA PUBLIC
DISCONNECT
/*C434*/SET SCHEMA PUBLIC
DISCONNECT
/*C435*/SET SCHEMA PUBLIC
DISCONNECT
/*C436*/SET SCHEMA PUBLIC
DISCONNECT
/*C437*/SET SCHEMA PUBLIC
INSERT INTO USERS VALUES(2,'mike','asdf')
COMMIT
DISCONNECT
/*C438*/SET SCHEMA PUBLIC
DISCONNECT
/*C439*/SET SCHEMA PUBLIC
DISCONNECT
/*C433*/SET SCHEMA PUBLIC
DISCONNECT
/*C407*/DELETE FROM USERS WHERE USERID=2 AND USERNAME='mike' AND PASSWORD='asdf'
COMMIT
DROP TABLE users
CREATE TABLE USERS(\u000a    USERNAME varchar(50) UNIQUE NOT NULL,\u000a    PASSWORD varchar(50) NOT NULL,\u000a    SALT varchar(50) NOT NULL\u000a)
/*C441*/SET SCHEMA PUBLIC
DISCONNECT
/*C442*/SET SCHEMA PUBLIC
DISCONNECT
/*C443*/SET SCHEMA PUBLIC
DISCONNECT
/*C444*/SET SCHEMA PUBLIC
DISCONNECT
/*C440*/SET SCHEMA PUBLIC
DISCONNECT
/*C445*/SET SCHEMA PUBLIC
DISCONNECT
/*C447*/SET SCHEMA PUBLIC
DISCONNECT
/*C448*/SET SCHEMA PUBLIC
DISCONNECT
/*C446*/SET SCHEMA PUBLIC
DISCONNECT
/*C449*/SET SCHEMA PUBLIC
DISCONNECT
/*C451*/SET SCHEMA PUBLIC
DISCONNECT
/*C452*/SET SCHEMA PUBLIC
DISCONNECT
/*C453*/SET SCHEMA PUBLIC
DISCONNECT
/*C450*/SET SCHEMA PUBLIC
DISCONNECT
/*C455*/SET SCHEMA PUBLIC
DISCONNECT
/*C456*/SET SCHEMA PUBLIC
DISCONNECT
/*C457*/SET SCHEMA PUBLIC
INSERT INTO USERS VALUES('user','f90276f437977afc0577e06e906a4a2db3e39371','[B@73e171d3')
COMMIT
DISCONNECT
/*C458*/SET SCHEMA PUBLIC
DISCONNECT
/*C459*/SET SCHEMA PUBLIC
DISCONNECT
/*C454*/SET SCHEMA PUBLIC
DISCONNECT
/*C461*/SET SCHEMA PUBLIC
DISCONNECT
/*C462*/SET SCHEMA PUBLIC
DISCONNECT
/*C463*/SET SCHEMA PUBLIC
DISCONNECT
/*C464*/SET SCHEMA PUBLIC
INSERT INTO USERS VALUES('user2','0386bf164947b06ee51540866d392e49c4d92e04','[B@460dab4d')
COMMIT
DISCONNECT
/*C465*/SET SCHEMA PUBLIC
DISCONNECT
/*C466*/SET SCHEMA PUBLIC
DISCONNECT
/*C460*/SET SCHEMA PUBLIC
DISCONNECT
